<?xml version="1.0" encoding="UTF-8"?>
<!-- Generated by org.testng.reporters.JUnitXMLReporter -->
<testsuite ignored="0" hostname="Runagate-rampant" failures="0" tests="4" name="Default test" time="2.965" errors="0" timestamp="2024-04-15T12:16:31 CST">
  <testcase classname="com.unosquare.FirstTest" name="NasaTest" time="1.501"/>
  <testcase classname="com.unosquare.FirstTest" name="NasaTest_WrongApiKey" time="0.286"/>
  <testcase classname="com.unosquare.FirstTest" name="TestSecondTest" time="0.549"/>
  <testcase classname="com.unosquare.FirstTest" name="f" time="0.181"/>
</testsuite> <!-- Default test -->
