<?xml version="1.0" encoding="UTF-8"?>
<testng-results ignored="0" total="1" passed="1" failed="0" skipped="0">
  <reporter-output>
    <line>
      <![CDATA[Sucess 200 validation]]>
    </line>
  </reporter-output>
  <suite started-at="2024-04-15T11:41:38 CST" name="Surefire suite" finished-at="2024-04-15T11:41:39 CST" duration-ms="1476">
    <groups>
    </groups>
    <test started-at="2024-04-15T11:41:38 CST" name="Surefire test" finished-at="2024-04-15T11:41:39 CST" duration-ms="1476">
      <class name="com.unosquare.FirstTest">
        <test-method is-config="true" signature="beforeMethod()[pri:0, instance:com.unosquare.FirstTest@2362f559]" started-at="2024-04-15T11:41:38 CST" name="beforeMethod" finished-at="2024-04-15T11:41:38 CST" duration-ms="3" status="PASS">
          <reporter-output>
          </reporter-output>
        </test-method> <!-- beforeMethod -->
        <test-method signature="f()[pri:0, instance:com.unosquare.FirstTest@2362f559]" started-at="2024-04-15T11:41:38 CST" name="f" finished-at="2024-04-15T11:41:39 CST" duration-ms="1452" status="PASS">
          <reporter-output>
            <line>
              <![CDATA[Sucess 200 validation]]>
            </line>
          </reporter-output>
        </test-method> <!-- f -->
      </class> <!-- com.unosquare.FirstTest -->
    </test> <!-- Surefire test -->
  </suite> <!-- Surefire suite -->
</testng-results>
