<?xml version="1.0" encoding="UTF-8"?>
<testng-results ignored="0" total="4" passed="4" failed="0" skipped="0">
  <reporter-output>
    <line>
      <![CDATA[API Nasa, mars pictures Sucess 200 validation, first image url http://mars.jpl.nasa.gov/msl-raw-images/proj/msl/redops/ods/surface/sol/01000/opgs/edr/fcam/FLB_486265257EDR_F0481570FHAZ00323M_.JPG]]>
    </line>
    <line>
      <![CDATA[API Nasa, mars pictures Sucess 403 validation with invalid API key]]>
    </line>
    <line>
      <![CDATA[Sucess 404 validation]]>
    </line>
    <line>
      <![CDATA[Sucess 200 validation]]>
    </line>
  </reporter-output>
  <suite started-at="2024-04-15T12:16:28 CST" name="Default suite" finished-at="2024-04-15T12:16:31 CST" duration-ms="2965">
    <groups>
    </groups>
    <test started-at="2024-04-15T12:16:28 CST" name="Default test" finished-at="2024-04-15T12:16:31 CST" duration-ms="2965">
      <class name="com.unosquare.FirstTest">
        <test-method is-config="true" signature="beforeMethod()[pri:0, instance:com.unosquare.FirstTest@69997e9d]" started-at="2024-04-15T12:16:28 CST" name="beforeMethod" finished-at="2024-04-15T12:16:28 CST" duration-ms="407" status="PASS">
          <reporter-output>
          </reporter-output>
        </test-method> <!-- beforeMethod -->
        <test-method signature="NasaTest()[pri:0, instance:com.unosquare.FirstTest@69997e9d]" started-at="2024-04-15T12:16:28 CST" name="NasaTest" finished-at="2024-04-15T12:16:30 CST" duration-ms="1501" status="PASS">
          <reporter-output>
            <line>
              <![CDATA[API Nasa, mars pictures Sucess 200 validation, first image url http://mars.jpl.nasa.gov/msl-raw-images/proj/msl/redops/ods/surface/sol/01000/opgs/edr/fcam/FLB_486265257EDR_F0481570FHAZ00323M_.JPG]]>
            </line>
          </reporter-output>
        </test-method> <!-- NasaTest -->
        <test-method signature="NasaTest_WrongApiKey()[pri:0, instance:com.unosquare.FirstTest@69997e9d]" started-at="2024-04-15T12:16:30 CST" name="NasaTest_WrongApiKey" finished-at="2024-04-15T12:16:30 CST" duration-ms="286" status="PASS">
          <reporter-output>
            <line>
              <![CDATA[API Nasa, mars pictures Sucess 403 validation with invalid API key]]>
            </line>
          </reporter-output>
        </test-method> <!-- NasaTest_WrongApiKey -->
        <test-method is-config="true" signature="beforeMethod()[pri:0, instance:com.unosquare.FirstTest@69997e9d]" started-at="2024-04-15T12:16:30 CST" name="beforeMethod" finished-at="2024-04-15T12:16:30 CST" duration-ms="0" status="PASS">
          <reporter-output>
          </reporter-output>
        </test-method> <!-- beforeMethod -->
        <test-method is-config="true" signature="beforeMethod()[pri:0, instance:com.unosquare.FirstTest@69997e9d]" started-at="2024-04-15T12:16:30 CST" name="beforeMethod" finished-at="2024-04-15T12:16:30 CST" duration-ms="1" status="PASS">
          <reporter-output>
          </reporter-output>
        </test-method> <!-- beforeMethod -->
        <test-method signature="TestSecondTest()[pri:0, instance:com.unosquare.FirstTest@69997e9d]" started-at="2024-04-15T12:16:30 CST" name="TestSecondTest" finished-at="2024-04-15T12:16:31 CST" duration-ms="549" status="PASS">
          <reporter-output>
            <line>
              <![CDATA[Sucess 404 validation]]>
            </line>
          </reporter-output>
        </test-method> <!-- TestSecondTest -->
        <test-method is-config="true" signature="beforeMethod()[pri:0, instance:com.unosquare.FirstTest@69997e9d]" started-at="2024-04-15T12:16:31 CST" name="beforeMethod" finished-at="2024-04-15T12:16:31 CST" duration-ms="0" status="PASS">
          <reporter-output>
          </reporter-output>
        </test-method> <!-- beforeMethod -->
        <test-method signature="f()[pri:0, instance:com.unosquare.FirstTest@69997e9d]" started-at="2024-04-15T12:16:31 CST" name="f" finished-at="2024-04-15T12:16:31 CST" duration-ms="181" status="PASS">
          <reporter-output>
            <line>
              <![CDATA[Sucess 200 validation]]>
            </line>
          </reporter-output>
        </test-method> <!-- f -->
      </class> <!-- com.unosquare.FirstTest -->
    </test> <!-- Default test -->
  </suite> <!-- Default suite -->
</testng-results>
